  TestCPPLibrary.cpp
c:\users\public\documents\unity projects\floating windows\renderwindowsplugin\renderwindowsplugin\renderwindowsplugin\TestCPPLibrary.h(40): warning C4273: 'SetDebugFunction': inconsistent dll linkage
  c:\users\public\documents\unity projects\floating windows\renderwindowsplugin\renderwindowsplugin\renderwindowsplugin\TestCPPLibrary.h(33): note: see previous definition of 'SetDebugFunction'
c:\users\public\documents\unity projects\floating windows\renderwindowsplugin\renderwindowsplugin\renderwindowsplugin\TestCPPLibrary.h(55): warning C4273: 'InitDeskDupl': inconsistent dll linkage
  c:\users\public\documents\unity projects\floating windows\renderwindowsplugin\renderwindowsplugin\renderwindowsplugin\TestCPPLibrary.h(29): note: see previous definition of 'InitDeskDupl'
c:\users\public\documents\unity projects\floating windows\renderwindowsplugin\renderwindowsplugin\renderwindowsplugin\TestCPPLibrary.h(109): warning C4311: 'type cast': pointer truncation from 'IDXGIOutputDuplication *' to 'long'
c:\users\public\documents\unity projects\floating windows\renderwindowsplugin\renderwindowsplugin\renderwindowsplugin\TestCPPLibrary.h(109): warning C4302: 'type cast': truncation from 'IDXGIOutputDuplication *' to 'long'
c:\users\public\documents\unity projects\floating windows\renderwindowsplugin\renderwindowsplugin\renderwindowsplugin\TestCPPLibrary.h(176): warning C4311: 'type cast': pointer truncation from 'IDXGIOutputDuplication *' to 'int'
c:\users\public\documents\unity projects\floating windows\renderwindowsplugin\renderwindowsplugin\renderwindowsplugin\TestCPPLibrary.h(176): warning C4302: 'type cast': truncation from 'IDXGIOutputDuplication *' to 'int'
c:\users\public\documents\unity projects\floating windows\renderwindowsplugin\renderwindowsplugin\renderwindowsplugin\TestCPPLibrary.h(188): warning C4273: 'CleanupDeskDupl': inconsistent dll linkage
  c:\users\public\documents\unity projects\floating windows\renderwindowsplugin\renderwindowsplugin\renderwindowsplugin\TestCPPLibrary.h(30): note: see previous definition of 'CleanupDeskDupl'
c:\users\public\documents\unity projects\floating windows\renderwindowsplugin\renderwindowsplugin\renderwindowsplugin\TestCPPLibrary.h(210): warning C4273: 'GetDesktopFrame': inconsistent dll linkage
  c:\users\public\documents\unity projects\floating windows\renderwindowsplugin\renderwindowsplugin\renderwindowsplugin\TestCPPLibrary.h(31): note: see previous definition of 'GetDesktopFrame'
c:\users\public\documents\unity projects\floating windows\renderwindowsplugin\renderwindowsplugin\renderwindowsplugin\TestCPPLibrary.h(507): warning C4018: '<': signed/unsigned mismatch
     Creating library C:\Users\Public\Documents\Unity Projects\Floating Windows\RenderWindowsPlugin\RenderWindowsCS\WindowRenderCS\x64\Release\RenderWindowsPlugin.lib and object C:\Users\Public\Documents\Unity Projects\Floating Windows\RenderWindowsPlugin\RenderWindowsCS\WindowRenderCS\x64\Release\RenderWindowsPlugin.exp
  Generating code
  0 of 89 functions ( 0.0%) were compiled, the rest were copied from previous compilation.
    0 functions were new in current compilation
    5 functions had inline decision re-evaluated but remain unchanged
  Finished generating code
  RenderWindowsPlugin.vcxproj -> C:\Users\Public\Documents\Unity Projects\Floating Windows\RenderWindowsPlugin\RenderWindowsCS\WindowRenderCS\x64\Release\RenderWindowsPlugin.dll
  RenderWindowsPlugin.vcxproj -> C:\Users\Public\Documents\Unity Projects\Floating Windows\RenderWindowsPlugin\RenderWindowsCS\WindowRenderCS\x64\Release\RenderWindowsPlugin.pdb (Full PDB)
